Traceback (most recent call last):
  File "/home/conkas/conkas.py", line 81, in main
    set_solc_version_pragma(solc_version)
  File "/usr/local/lib/python3.8/dist-packages/solcx/install.py", line 152, in set_solc_version_pragma
    raise SolcNotInstalled(
solcx.exceptions.SolcNotInstalled: No compatible solc version installed. Use solcx.install_solc_version_pragma('None') to install.

During handling of the above exception, another exception occurred:

Traceback (most recent call last):
  File "/home/conkas/conkas.py", line 137, in <module>
    main()
  File "/home/conkas/conkas.py", line 84, in main
    install_solc_pragma(solc_version)
  File "/usr/local/lib/python3.8/dist-packages/solcx/install.py", line 169, in install_solc_pragma
    pragma_string, [Version(i[1:]) for i in get_available_solc_versions()]
  File "/usr/local/lib/python3.8/dist-packages/solcx/install.py", line 169, in <listcomp>
    pragma_string, [Version(i[1:]) for i in get_available_solc_versions()]
  File "/usr/local/lib/python3.8/dist-packages/semantic_version/base.py", line 105, in __init__
    major, minor, patch, prerelease, build = self.parse(version_string, partial)
  File "/usr/local/lib/python3.8/dist-packages/semantic_version/base.py", line 311, in parse
    raise ValueError('Invalid version string: %r' % version_string)
ValueError: Invalid version string: 'review-0.8.x'

real	0m2.669s
user	0m1.620s
sys	0m0.178s
