Traceback (most recent call last):
  File "/home/conkas/conkas.py", line 81, in main
    set_solc_version_pragma(solc_version)
  File "/usr/local/lib/python3.8/dist-packages/solcx/install.py", line 152, in set_solc_version_pragma
    raise SolcNotInstalled(
solcx.exceptions.SolcNotInstalled: No compatible solc version installed. Use solcx.install_solc_version_pragma('None') to install.

During handling of the above exception, another exception occurred:

Traceback (most recent call last):
  File "/home/conkas/conkas.py", line 137, in <module>
    main()
  File "/home/conkas/conkas.py", line 84, in main
    install_solc_pragma(solc_version)
  File "/usr/local/lib/python3.8/dist-packages/solcx/install.py", line 169, in install_solc_pragma
    pragma_string, [Version(i[1:]) for i in get_available_solc_versions()]
  File "/usr/local/lib/python3.8/dist-packages/solcx/install.py", line 197, in get_available_solc_versions
    raise ConnectionError(msg)
ConnectionError: Status 403 when getting solc versions from Github: 'API rate limit exceeded for 202.3.77.166. (But here's the good news: Authenticated requests get a higher rate limit. Check out the documentation for more details.)'

If this issue persists, generate a Github API token and store it as the environment variable `GITHUB_TOKEN`:
https://github.blog/2013-05-16-personal-api-tokens/

real	0m4.815s
user	0m4.297s
sys	0m0.195s
